[2023-10-30 14:02:35,073: INFO: main: Welcome]
[2023-10-31 10:55:14,363: INFO: main: stage DATA INGESTION STAGE started]
[2023-10-31 10:55:14,363: ERROR: main: name 'DataIngestionPipeline' is not defined]
Traceback (most recent call last):
  File "main.py", line 10, in <module>
    obj = DataIngestionPipeline()
NameError: name 'DataIngestionPipeline' is not defined
[2023-10-31 10:56:10,815: INFO: main: stage DATA INGESTION STAGE started]
[2023-10-31 10:56:10,815: INFO: common: yaml file: config\config.yaml loaded successfully]
[2023-10-31 10:56:10,820: INFO: common: yaml file: params.yaml loaded successfully]
[2023-10-31 10:56:10,822: INFO: common: created directory at : artifacts]
[2023-10-31 10:56:10,823: INFO: common: created directory at : artifacts/data_ingestion]
[2023-10-31 10:56:30,787: INFO: data_ingestion: artifacts/data_ingestion/data.zip downloaded! with following info: 
Connection: close
Content-Length: 11616915
Cache-Control: max-age=300
Content-Security-Policy: default-src 'none'; style-src 'unsafe-inline'; sandbox
Content-Type: application/zip
ETag: "adf745abc03891fe493c3be264ec012691fe3fa21d861f35a27edbe6d86a76b1"
Strict-Transport-Security: max-age=31536000
X-Content-Type-Options: nosniff
X-Frame-Options: deny
X-XSS-Protection: 1; mode=block
X-GitHub-Request-Id: E32C:328A:293977:327B41:65408FF4
Accept-Ranges: bytes
Date: Tue, 31 Oct 2023 05:26:13 GMT
Via: 1.1 varnish
X-Served-By: cache-maa10237-MAA
X-Cache: MISS
X-Cache-Hits: 0
X-Timer: S1698729972.464798,VS0,VE1327
Vary: Authorization,Accept-Encoding,Origin
Access-Control-Allow-Origin: *
Cross-Origin-Resource-Policy: cross-origin
X-Fastly-Request-ID: 8803b6cf61d9bc24a068ac3fdd410394a912d42b
Expires: Tue, 31 Oct 2023 05:31:13 GMT
Source-Age: 1

]
[2023-10-31 10:56:32,564: INFO: main: stage DATA INGESTION STAGE commpleted]
